Using pre-set license
Built from '2020.3/release' branch; Version is '2020.3.15f2 (6cf78cb77498) revision 7141260'; Using compiler version '192528614'; Build Type 'Release'
OS: 'Windows 10 Pro; OS build 19043.1165; Version 2009; 64bit' Language: 'en' Physical Memory: 7645 MB
BatchMode: 1, IsHumanControllingUs: 0, StartBugReporterOnCrash: 0, Is64bit: 1, IsPro: 0

 COMMAND LINE ARGUMENTS:
C:\Program Files\Unity\Hub\Editor\2020.3.15f2\Editor\Unity.exe
-adb2
-batchMode
-noUpm
-name
AssetImportWorker1
-projectPath
C:/Users/kiero/OneDrive/Documents/Unity/First Unity/Scifi Thing
-logFile
Logs/AssetImportWorker1.log
-srvPort
51931
Successfully changed project path to: C:/Users/kiero/OneDrive/Documents/Unity/First Unity/Scifi Thing
C:/Users/kiero/OneDrive/Documents/Unity/First Unity/Scifi Thing
Using Asset Import Pipeline V2.
